<?xml version="1.0" encoding="utf-8"?><testsuites name="pytest tests"><testsuite name="pytest" errors="0" failures="1" skipped="0" tests="31" time="5.192" timestamp="2026-06-28T14:35:41.854355+00:00" hostname="agent-env-18675c95-0032-486c-b98b-94555bf47d30"><testcase classname="tests.backend_test.TestAuth" name="test_login_invalid" time="0.221" /><testcase classname="tests.backend_test.TestAuth" name="test_admin_login" time="0.501" /><testcase classname="tests.backend_test.TestAuth" name="test_me" time="0.308" /><testcase classname="tests.backend_test.TestOrderFlow" name="test_reject_bad_extension" time="1.410" /><testcase classname="tests.backend_test.TestAuth" name="test_register_duplicate" time="0.476" /><testcase classname="tests.backend_test.TestOrderFlow" name="test_reject_invalid_material" time="0.101" /><testcase classname="tests.backend_test.TestAuth" name="test_no_auth_protected" time="0.289" /><testcase classname="tests.backend_test.TestOrderFlow" name="test_create_order" time="0.298" /><testcase classname="tests.backend_test.TestAuth" name="test_client_cannot_access_admin" time="0.103" /><testcase classname="tests.backend_test.TestOrderFlow" name="test_get_my_orders" time="0.143" /><testcase classname="tests.backend_test.TestPublicForms" name="test_internship_submit" time="0.124" /><testcase classname="tests.backend_test.TestOrderFlow" name="test_get_order_detail_ownership" time="0.239" /><testcase classname="tests.backend_test.TestPublicForms" name="test_admin_internships_list" time="0.101" /><testcase classname="tests.backend_test.TestPublicForms" name="test_contact_submit" time="0.114" /><testcase classname="tests.backend_test.TestOrderFlow" name="test_other_client_cannot_view" time="0.770" /><testcase classname="tests.backend_test.TestPublicForms" name="test_admin_contacts" time="0.286" /><testcase classname="tests.backend_test.TestSettingsUsersStats" name="test_public_settings" time="0.102" /><testcase classname="tests.backend_test.TestSettingsUsersStats" name="test_admin_update_settings" time="0.333" /><testcase classname="tests.backend_test.TestSettingsUsersStats" name="test_admin_users_list" time="0.102"><failure message="AssertionError: assert 'TEST_client_a8a3af6f@test.com' in ['test_other_bfc55b@t.com', 'test_client_a8a3af6f@test.com', 'test_client_139f6aad@test.com']">backend/tests/backend_test.py:304: in test_admin_users_list
    assert client_user["email"] in emails
E   AssertionError: assert 'TEST_client_a8a3af6f@test.com' in ['test_other_bfc55b@t.com', 'test_client_a8a3af6f@test.com', 'test_client_139f6aad@test.com']</failure></testcase><testcase classname="tests.backend_test.TestOrderFlow" name="test_admin_set_estimate" time="0.120" /><testcase classname="tests.backend_test.TestOrderFlow" name="test_client_upload_payment_proof" time="0.267" /><testcase classname="tests.backend_test.TestSettingsUsersStats" name="test_admin_stats" time="0.260" /><testcase classname="tests.backend_test.TestOrderFlow" name="test_admin_verify_payment" time="0.111" /><testcase classname="tests.backend_test.TestMaterials" name="test_list_public" time="0.124" /><testcase classname="tests.backend_test.TestOrderFlow" name="test_admin_mark_completed" time="0.101" /><testcase classname="tests.backend_test.TestMaterials" name="test_admin_crud" time="0.618" /><testcase classname="tests.backend_test.TestOrderFlow" name="test_file_download_access_control" time="0.739" /><testcase classname="tests.backend_test.TestPortfolio" name="test_public_list" time="0.205" /><testcase classname="tests.backend_test.TestOrderFlow" name="test_notifications_logged" time="0.104" /><testcase classname="tests.backend_test.TestPortfolio" name="test_admin_crud" time="0.304" /><testcase classname="tests.backend_test" name="test_root_ok" time="0.103" /></testsuite></testsuites>